Start testing: Feb 25 17:36 UTC
----------------------------------------------------------
1/1 Testing: test_print_ip
1/1 Test: test_print_ip
Command: "/home/travis/build/Makerslet/print_ip/tests/bin/test_print_ip"
Directory: /home/travis/build/Makerslet/print_ip/tests
"test_print_ip" start time: Feb 25 17:36 UTC
Output:
----------------------------------------------------------
Running main() from gmock_main.cc
[==========] Running 8 tests from 4 test suites.
[----------] Global test environment set-up.
[----------] 4 tests from INEGRALS
[ RUN      ] INEGRALS.CHAR
[       OK ] INEGRALS.CHAR (0 ms)
[ RUN      ] INEGRALS.SHORT
[       OK ] INEGRALS.SHORT (0 ms)
[ RUN      ] INEGRALS.INT
[       OK ] INEGRALS.INT (0 ms)
[ RUN      ] INEGRALS.LONG_LONG
[       OK ] INEGRALS.LONG_LONG (0 ms)
[----------] 4 tests from INEGRALS (0 ms total)

[----------] 2 tests from CONTAINERS
[ RUN      ] CONTAINERS.VECTOR
[       OK ] CONTAINERS.VECTOR (0 ms)
[ RUN      ] CONTAINERS.LIST
[       OK ] CONTAINERS.LIST (0 ms)
[----------] 2 tests from CONTAINERS (0 ms total)

[----------] 1 test from STRING
[ RUN      ] STRING.STRING
[       OK ] STRING.STRING (0 ms)
[----------] 1 test from STRING (0 ms total)

[----------] 1 test from TUPLE
[ RUN      ] TUPLE.INT_STRING
[       OK ] TUPLE.INT_STRING (0 ms)
[----------] 1 test from TUPLE (0 ms total)

[----------] Global test environment tear-down
[==========] 8 tests from 4 test suites ran. (0 ms total)
[  PASSED  ] 8 tests.
<end of output>
Test time =   0.00 sec
----------------------------------------------------------
Test Passed.
"test_print_ip" end time: Feb 25 17:36 UTC
"test_print_ip" time elapsed: 00:00:00
----------------------------------------------------------

End testing: Feb 25 17:36 UTC
